<?xml version="1.0" encoding="UTF-8"?>
<coverage generated="1574396999328" clover="3.2.0">
  <project timestamp="1574396999328" name="All files">
    <metrics statements="54" coveredstatements="33" conditionals="6" coveredconditionals="4" methods="21" coveredmethods="11" elements="81" coveredelements="48" complexity="0" loc="54" ncloc="54" packages="4" files="10" classes="10"/>
    <package name="src">
      <metrics statements="3" coveredstatements="0" conditionals="0" coveredconditionals="0" methods="1" coveredmethods="0"/>
      <file name="App.vue" path="D:\Projects\te-teamlead\src\App.vue">
        <metrics statements="3" coveredstatements="0" conditionals="0" coveredconditionals="0" methods="1" coveredmethods="0"/>
        <line num="9" count="0" type="stmt"/>
        <line num="13" count="0" type="stmt"/>
        <line num="16" count="0" type="stmt"/>
      </file>
    </package>
    <package name="src.components">
      <metrics statements="40" coveredstatements="27" conditionals="6" coveredconditionals="4" methods="16" coveredmethods="10"/>
      <file name="FilmDetails.vue" path="D:\Projects\te-teamlead\src\components\FilmDetails.vue">
        <metrics statements="24" coveredstatements="13" conditionals="6" coveredconditionals="4" methods="10" coveredmethods="6"/>
        <line num="45" count="1" type="stmt"/>
        <line num="46" count="1" type="stmt"/>
        <line num="50" count="2" type="stmt"/>
        <line num="51" count="0" type="stmt"/>
        <line num="54" count="1" type="stmt"/>
        <line num="55" count="1" type="stmt"/>
        <line num="57" count="1" type="stmt"/>
        <line num="63" count="1" type="stmt"/>
        <line num="64" count="1" type="stmt"/>
        <line num="66" count="1" type="stmt"/>
        <line num="67" count="0" type="stmt"/>
        <line num="69" count="0" type="stmt"/>
        <line num="70" count="0" type="stmt"/>
        <line num="71" count="0" type="stmt"/>
        <line num="74" count="9" type="cond" truecount="4" falsecount="0"/>
        <line num="75" count="1" type="stmt"/>
        <line num="77" count="8" type="stmt"/>
        <line num="80" count="1" type="stmt"/>
        <line num="83" count="0" type="stmt"/>
        <line num="86" count="0" type="stmt"/>
        <line num="89" count="0" type="stmt"/>
        <line num="92" count="0" type="cond" truecount="0" falsecount="2"/>
        <line num="93" count="0" type="stmt"/>
        <line num="95" count="0" type="stmt"/>
      </file>
      <file name="FilmDetailsList.vue" path="D:\Projects\te-teamlead\src\components\FilmDetailsList.vue">
        <metrics statements="4" coveredstatements="4" conditionals="0" coveredconditionals="0" methods="0" coveredmethods="0"/>
        <line num="12" count="1" type="stmt"/>
        <line num="15" count="2" type="stmt"/>
        <line num="16" count="1" type="stmt"/>
        <line num="17" count="1" type="stmt"/>
      </file>
      <file name="FilmList.vue" path="D:\Projects\te-teamlead\src\components\FilmList.vue">
        <metrics statements="8" coveredstatements="6" conditionals="0" coveredconditionals="0" methods="5" coveredmethods="3"/>
        <line num="19" count="1" type="stmt"/>
        <line num="24" count="0" type="stmt"/>
        <line num="25" count="0" type="stmt"/>
        <line num="28" count="1" type="stmt"/>
        <line num="30" count="2" type="stmt"/>
        <line num="31" count="2" type="stmt"/>
        <line num="35" count="2" type="stmt"/>
        <line num="42" count="2" type="stmt"/>
      </file>
      <file name="FilmListItem.vue" path="D:\Projects\te-teamlead\src\components\FilmListItem.vue">
        <metrics statements="4" coveredstatements="4" conditionals="0" coveredconditionals="0" methods="1" coveredmethods="1"/>
        <line num="23" count="1" type="stmt"/>
        <line num="26" count="2" type="stmt"/>
        <line num="27" count="1" type="stmt"/>
        <line num="30" count="4" type="stmt"/>
      </file>
    </package>
    <package name="src.components.layout">
      <metrics statements="8" coveredstatements="6" conditionals="0" coveredconditionals="0" methods="1" coveredmethods="1"/>
      <file name="AppAside.vue" path="D:\Projects\te-teamlead\src\components\layout\AppAside.vue">
        <metrics statements="4" coveredstatements="4" conditionals="0" coveredconditionals="0" methods="1" coveredmethods="1"/>
        <line num="12" count="1" type="stmt"/>
        <line num="15" count="2" type="stmt"/>
        <line num="17" count="1" type="stmt"/>
        <line num="18" count="1" type="stmt"/>
      </file>
      <file name="AppNav.vue" path="D:\Projects\te-teamlead\src\components\layout\AppNav.vue">
        <metrics statements="2" coveredstatements="2" conditionals="0" coveredconditionals="0" methods="0" coveredmethods="0"/>
        <line num="8" count="1" type="stmt"/>
        <line num="11" count="2" type="stmt"/>
      </file>
      <file name="AppSpinner.vue" path="D:\Projects\te-teamlead\src\components\layout\AppSpinner.vue">
        <metrics statements="2" coveredstatements="0" conditionals="0" coveredconditionals="0" methods="0" coveredmethods="0"/>
        <line num="11" count="0" type="stmt"/>
        <line num="14" count="0" type="stmt"/>
      </file>
    </package>
    <package name="src.views">
      <metrics statements="3" coveredstatements="0" conditionals="0" coveredconditionals="0" methods="3" coveredmethods="0"/>
      <file name="Details.vue" path="D:\Projects\te-teamlead\src\views\Details.vue">
        <metrics statements="1" coveredstatements="0" conditionals="0" coveredconditionals="0" methods="1" coveredmethods="0"/>
        <line num="11" count="0" type="stmt"/>
      </file>
      <file name="Home.vue" path="D:\Projects\te-teamlead\src\views\Home.vue">
        <metrics statements="2" coveredstatements="0" conditionals="0" coveredconditionals="0" methods="2" coveredmethods="0"/>
        <line num="18" count="0" type="stmt"/>
        <line num="19" count="0" type="stmt"/>
      </file>
    </package>
  </project>
</coverage>
