TN:
SF:D:\Projects\te-teamlead\src\App.vue
FN:13,(anonymous_1)
FNF:1
FNH:0
FNDA:0,(anonymous_1)
DA:9,0
DA:13,0
DA:16,0
LF:3
LH:0
BRF:0
BRH:0
end_of_record
TN:
SF:D:\Projects\te-teamlead\src\components\FilmDetails.vue
FN:48,(anonymous_1)
FN:56,(anonymous_2)
FN:62,(anonymous_3)
FN:66,(anonymous_4)
FN:73,(anonymous_5)
FN:79,(anonymous_6)
FN:85,(anonymous_7)
FN:91,(anonymous_8)
FN:50,(anonymous_9)
FN:51,(anonymous_11)
FNF:10
FNH:6
FNDA:1,(anonymous_1)
FNDA:1,(anonymous_2)
FNDA:1,(anonymous_3)
FNDA:0,(anonymous_4)
FNDA:9,(anonymous_5)
FNDA:1,(anonymous_6)
FNDA:0,(anonymous_7)
FNDA:0,(anonymous_8)
FNDA:2,(anonymous_9)
FNDA:0,(anonymous_11)
DA:45,1
DA:46,1
DA:50,2
DA:51,0
DA:54,1
DA:55,1
DA:57,1
DA:63,1
DA:64,1
DA:66,1
DA:67,0
DA:69,0
DA:70,0
DA:71,0
DA:74,9
DA:75,1
DA:77,8
DA:80,1
DA:83,0
DA:86,0
DA:89,0
DA:92,0
DA:93,0
DA:95,0
LF:24
LH:13
BRDA:74,0,0,1
BRDA:74,0,1,8
BRDA:74,1,0,9
BRDA:74,1,1,9
BRDA:92,2,0,0
BRDA:92,2,1,0
BRF:6
BRH:4
end_of_record
TN:
SF:D:\Projects\te-teamlead\src\components\FilmDetailsList.vue
FNF:0
FNH:0
DA:12,1
DA:15,2
DA:16,1
DA:17,1
LF:4
LH:4
BRF:0
BRH:0
end_of_record
TN:
SF:D:\Projects\te-teamlead\src\components\FilmList.vue
FN:29,(anonymous_1)
FN:34,(anonymous_2)
FN:41,(anonymous_3)
FN:24,(anonymous_4)
FN:25,(anonymous_6)
FNF:5
FNH:3
FNDA:2,(anonymous_1)
FNDA:2,(anonymous_2)
FNDA:2,(anonymous_3)
FNDA:0,(anonymous_4)
FNDA:0,(anonymous_6)
DA:19,1
DA:24,0
DA:25,0
DA:28,1
DA:30,2
DA:31,2
DA:35,2
DA:42,2
LF:8
LH:6
BRF:0
BRH:0
end_of_record
TN:
SF:D:\Projects\te-teamlead\src\components\FilmListItem.vue
FN:29,(anonymous_1)
FNF:1
FNH:1
FNDA:4,(anonymous_1)
DA:23,1
DA:26,2
DA:27,1
DA:30,4
LF:4
LH:4
BRF:0
BRH:0
end_of_record
TN:
SF:D:\Projects\te-teamlead\src\components\layout\AppAside.vue
FN:16,(anonymous_1)
FNF:1
FNH:1
FNDA:1,(anonymous_1)
DA:12,1
DA:15,2
DA:17,1
DA:18,1
LF:4
LH:4
BRF:0
BRH:0
end_of_record
TN:
SF:D:\Projects\te-teamlead\src\components\layout\AppNav.vue
FNF:0
FNH:0
DA:8,1
DA:11,2
LF:2
LH:2
BRF:0
BRH:0
end_of_record
TN:
SF:D:\Projects\te-teamlead\src\components\layout\AppSpinner.vue
FNF:0
FNH:0
DA:11,0
DA:14,0
LF:2
LH:0
BRF:0
BRH:0
end_of_record
TN:
SF:D:\Projects\te-teamlead\src\views\Details.vue
FN:11,(anonymous_1)
FNF:1
FNH:0
FNDA:0,(anonymous_1)
DA:11,0
LF:1
LH:0
BRF:0
BRH:0
end_of_record
TN:
SF:D:\Projects\te-teamlead\src\views\Home.vue
FN:18,(anonymous_1)
FN:19,(anonymous_3)
FNF:2
FNH:0
FNDA:0,(anonymous_1)
FNDA:0,(anonymous_3)
DA:18,0
DA:19,0
LF:2
LH:0
BRF:0
BRH:0
end_of_record
